[2021-10-02 22:03:47.436] [exthost] [info] extension host started
[2021-10-02 22:03:47.552] [exthost] [info] ExtensionService#_doActivateExtension vscode.debug-auto-launch {"startup":true,"extensionId":{"value":"vscode.debug-auto-launch","_lower":"vscode.debug-auto-launch"},"activationEvent":"*"}
[2021-10-02 22:03:47.552] [exthost] [info] ExtensionService#loadCommonJSModule file:///usr/lib/code/extensions/debug-auto-launch/dist/extension
[2021-10-02 22:03:47.560] [exthost] [info] ExtensionService#_doActivateExtension vscode.git {"startup":true,"extensionId":{"value":"vscode.github","_lower":"vscode.github"},"activationEvent":"*"}
[2021-10-02 22:03:47.560] [exthost] [info] ExtensionService#loadCommonJSModule file:///usr/lib/code/extensions/git/dist/main
[2021-10-02 22:03:47.591] [exthost] [info] ExtensionService#_doActivateExtension jaspernorth.vscode-pigments {"startup":true,"extensionId":{"value":"jaspernorth.vscode-pigments","_lower":"jaspernorth.vscode-pigments"},"activationEvent":"*"}
[2021-10-02 22:03:47.591] [exthost] [info] ExtensionService#loadCommonJSModule file:///home/graham/.vscode-oss/extensions/jaspernorth.vscode-pigments-2.0.0/out/extension
[2021-10-02 22:03:47.760] [exthost] [info] ExtensionService#_doActivateExtension vscode.github {"startup":true,"extensionId":{"value":"vscode.github","_lower":"vscode.github"},"activationEvent":"*"}
[2021-10-02 22:03:47.760] [exthost] [info] ExtensionService#loadCommonJSModule file:///usr/lib/code/extensions/github/dist/extension.js
[2021-10-02 22:03:47.782] [exthost] [info] ExtensionService#_doActivateExtension ms-vscode.js-debug {"startup":false,"extensionId":{"value":"ms-vscode.js-debug","_lower":"ms-vscode.js-debug"},"activationEvent":"onCommand:extension.js-debug.clearAutoAttachVariables"}
[2021-10-02 22:03:47.782] [exthost] [info] ExtensionService#loadCommonJSModule file:///usr/lib/code/extensions/ms-vscode.js-debug/src/extension.js
[2021-10-02 22:03:47.977] [exthost] [info] eager extensions activated
[2021-10-02 22:03:47.995] [exthost] [info] ExtensionService#_doActivateExtension vscode.emmet {"startup":false,"extensionId":{"value":"vscode.emmet","_lower":"vscode.emmet"},"activationEvent":"onStartupFinished"}
[2021-10-02 22:03:47.995] [exthost] [info] ExtensionService#loadCommonJSModule file:///usr/lib/code/extensions/emmet/dist/node/emmetNodeMain
[2021-10-02 22:03:48.006] [exthost] [info] ExtensionService#_doActivateExtension vscode.merge-conflict {"startup":false,"extensionId":{"value":"vscode.merge-conflict","_lower":"vscode.merge-conflict"},"activationEvent":"onStartupFinished"}
[2021-10-02 22:03:48.006] [exthost] [info] ExtensionService#loadCommonJSModule file:///usr/lib/code/extensions/merge-conflict/dist/mergeConflictMain
[2021-10-02 22:04:24.215] [exthost] [info] extension host terminating: renderer closed the socket
[2021-10-02 22:04:25.218] [exthost] [info] exiting with code 0
[2021-10-02 22:04:25.865] [exthost] [info] extension host started
[2021-10-02 22:04:25.865] [exthost] [info] Skipping acquiring lock for /home/graham/.config/Code - OSS/User/workspaceStorage/fb5bbe1f8ad26c0fa1d1793e00b3f91a.
[2021-10-02 22:04:25.907] [exthost] [info] ExtensionService#_doActivateExtension vscode.debug-auto-launch {"startup":true,"extensionId":{"value":"vscode.debug-auto-launch","_lower":"vscode.debug-auto-launch"},"activationEvent":"*"}
[2021-10-02 22:04:25.907] [exthost] [info] ExtensionService#loadCommonJSModule file:///usr/lib/code/extensions/debug-auto-launch/dist/extension
[2021-10-02 22:04:25.911] [exthost] [info] ExtensionService#_doActivateExtension vscode.git {"startup":true,"extensionId":{"value":"vscode.github","_lower":"vscode.github"},"activationEvent":"*"}
[2021-10-02 22:04:25.911] [exthost] [info] ExtensionService#loadCommonJSModule file:///usr/lib/code/extensions/git/dist/main
[2021-10-02 22:04:25.927] [exthost] [info] ExtensionService#_doActivateExtension jaspernorth.vscode-pigments {"startup":true,"extensionId":{"value":"jaspernorth.vscode-pigments","_lower":"jaspernorth.vscode-pigments"},"activationEvent":"*"}
[2021-10-02 22:04:25.927] [exthost] [info] ExtensionService#loadCommonJSModule file:///home/graham/.vscode-oss/extensions/jaspernorth.vscode-pigments-2.0.0/out/extension
[2021-10-02 22:04:26.008] [exthost] [info] ExtensionService#_doActivateExtension vscode.github {"startup":true,"extensionId":{"value":"vscode.github","_lower":"vscode.github"},"activationEvent":"*"}
[2021-10-02 22:04:26.009] [exthost] [info] ExtensionService#loadCommonJSModule file:///usr/lib/code/extensions/github/dist/extension.js
[2021-10-02 22:04:26.015] [exthost] [info] eager extensions activated
[2021-10-02 22:04:26.016] [exthost] [info] ExtensionService#_doActivateExtension ms-vscode.js-debug {"startup":false,"extensionId":{"value":"ms-vscode.js-debug","_lower":"ms-vscode.js-debug"},"activationEvent":"onCommand:extension.js-debug.clearAutoAttachVariables"}
[2021-10-02 22:04:26.017] [exthost] [info] ExtensionService#loadCommonJSModule file:///usr/lib/code/extensions/ms-vscode.js-debug/src/extension.js
[2021-10-02 22:04:26.106] [exthost] [info] ExtensionService#_doActivateExtension vscode.emmet {"startup":false,"extensionId":{"value":"vscode.emmet","_lower":"vscode.emmet"},"activationEvent":"onStartupFinished"}
[2021-10-02 22:04:26.106] [exthost] [info] ExtensionService#loadCommonJSModule file:///usr/lib/code/extensions/emmet/dist/node/emmetNodeMain
[2021-10-02 22:04:26.112] [exthost] [info] ExtensionService#_doActivateExtension vscode.merge-conflict {"startup":false,"extensionId":{"value":"vscode.merge-conflict","_lower":"vscode.merge-conflict"},"activationEvent":"onStartupFinished"}
[2021-10-02 22:04:26.113] [exthost] [info] ExtensionService#loadCommonJSModule file:///usr/lib/code/extensions/merge-conflict/dist/mergeConflictMain
[2021-10-02 22:04:40.323] [exthost] [info] extension host terminating: renderer closed the socket
[2021-10-02 22:04:41.327] [exthost] [info] exiting with code 0
[2021-10-02 22:04:42.022] [exthost] [info] extension host started
[2021-10-02 22:04:42.022] [exthost] [info] Skipping acquiring lock for /home/graham/.config/Code - OSS/User/workspaceStorage/18b3aae8a53e0207eed12276e77280c4.
[2021-10-02 22:04:42.085] [exthost] [info] ExtensionService#_doActivateExtension vscode.debug-auto-launch {"startup":true,"extensionId":{"value":"vscode.debug-auto-launch","_lower":"vscode.debug-auto-launch"},"activationEvent":"*"}
[2021-10-02 22:04:42.086] [exthost] [info] ExtensionService#loadCommonJSModule file:///usr/lib/code/extensions/debug-auto-launch/dist/extension
[2021-10-02 22:04:42.092] [exthost] [info] ExtensionService#_doActivateExtension vscode.git {"startup":true,"extensionId":{"value":"vscode.github","_lower":"vscode.github"},"activationEvent":"*"}
[2021-10-02 22:04:42.092] [exthost] [info] ExtensionService#loadCommonJSModule file:///usr/lib/code/extensions/git/dist/main
[2021-10-02 22:04:42.119] [exthost] [info] ExtensionService#_doActivateExtension jaspernorth.vscode-pigments {"startup":true,"extensionId":{"value":"jaspernorth.vscode-pigments","_lower":"jaspernorth.vscode-pigments"},"activationEvent":"*"}
[2021-10-02 22:04:42.120] [exthost] [info] ExtensionService#loadCommonJSModule file:///home/graham/.vscode-oss/extensions/jaspernorth.vscode-pigments-2.0.0/out/extension
[2021-10-02 22:04:42.213] [exthost] [info] ExtensionService#_doActivateExtension vscode.github {"startup":true,"extensionId":{"value":"vscode.github","_lower":"vscode.github"},"activationEvent":"*"}
[2021-10-02 22:04:42.213] [exthost] [info] ExtensionService#loadCommonJSModule file:///usr/lib/code/extensions/github/dist/extension.js
[2021-10-02 22:04:42.221] [exthost] [info] eager extensions activated
[2021-10-02 22:04:42.226] [exthost] [info] ExtensionService#_doActivateExtension ms-vscode.js-debug {"startup":false,"extensionId":{"value":"ms-vscode.js-debug","_lower":"ms-vscode.js-debug"},"activationEvent":"onCommand:extension.js-debug.clearAutoAttachVariables"}
[2021-10-02 22:04:42.226] [exthost] [info] ExtensionService#loadCommonJSModule file:///usr/lib/code/extensions/ms-vscode.js-debug/src/extension.js
[2021-10-02 22:04:42.318] [exthost] [info] ExtensionService#_doActivateExtension vscode.emmet {"startup":false,"extensionId":{"value":"vscode.emmet","_lower":"vscode.emmet"},"activationEvent":"onStartupFinished"}
[2021-10-02 22:04:42.318] [exthost] [info] ExtensionService#loadCommonJSModule file:///usr/lib/code/extensions/emmet/dist/node/emmetNodeMain
[2021-10-02 22:04:42.324] [exthost] [info] ExtensionService#_doActivateExtension vscode.merge-conflict {"startup":false,"extensionId":{"value":"vscode.merge-conflict","_lower":"vscode.merge-conflict"},"activationEvent":"onStartupFinished"}
[2021-10-02 22:04:42.324] [exthost] [info] ExtensionService#loadCommonJSModule file:///usr/lib/code/extensions/merge-conflict/dist/mergeConflictMain
[2021-10-02 22:07:04.997] [exthost] [info] extension host terminating: renderer closed the socket
[2021-10-02 22:07:06.003] [exthost] [info] exiting with code 0
