Validating found git in: git
Using git 2.33.0 from git
Opening repository for path='/home/graham/.config' failed; ex=Failed to execute git {
  "exitCode": 128,
  "gitErrorCode": "NotAGitRepository",
  "gitCommand": "rev-parse",
  "stdout": "",
  "stderr": "fatal: not a git repository (or any of the parent directories): .git\n"
}
Opening repository for path='/home/graham/.config/polybar' failed; ex=Failed to execute git {
  "exitCode": 128,
  "gitErrorCode": "NotAGitRepository",
  "gitCommand": "rev-parse",
  "stdout": "",
  "stderr": "fatal: not a git repository (or any of the parent directories): .git\n"
}
Opening repository for path='/home/graham/.config/Code - OSS' failed; ex=Failed to execute git {
  "exitCode": 128,
  "gitErrorCode": "NotAGitRepository",
  "gitCommand": "rev-parse",
  "stdout": "",
  "stderr": "fatal: not a git repository (or any of the parent directories): .git\n"
}
Opening repository for path='/home/graham/.config/Electron' failed; ex=Failed to execute git {
  "exitCode": 128,
  "gitErrorCode": "NotAGitRepository",
  "gitCommand": "rev-parse",
  "stdout": "",
  "stderr": "fatal: not a git repository (or any of the parent directories): .git\n"
}
Opening repository for path='/home/graham/.config/bspwm' failed; ex=Failed to execute git {
  "exitCode": 128,
  "gitErrorCode": "NotAGitRepository",
  "gitCommand": "rev-parse",
  "stdout": "",
  "stderr": "fatal: not a git repository (or any of the parent directories): .git\n"
}
Opening repository for path='/home/graham/.config/code-oss' failed; ex=Failed to execute git {
  "exitCode": 128,
  "gitErrorCode": "NotAGitRepository",
  "gitCommand": "rev-parse",
  "stdout": "",
  "stderr": "fatal: not a git repository (or any of the parent directories): .git\n"
}
Opening repository for path='/home/graham/.config/dconf' failed; ex=Failed to execute git {
  "exitCode": 128,
  "gitErrorCode": "NotAGitRepository",
  "gitCommand": "rev-parse",
  "stdout": "",
  "stderr": "fatal: not a git repository (or any of the parent directories): .git\n"
}
Opening repository for path='/home/graham/.config/gtk-2.0' failed; ex=Failed to execute git {
  "exitCode": 128,
  "gitErrorCode": "NotAGitRepository",
  "gitCommand": "rev-parse",
  "stdout": "",
  "stderr": "fatal: not a git repository (or any of the parent directories): .git\n"
}
Opening repository for path='/home/graham/.config/gtk-3.0' failed; ex=Failed to execute git {
  "exitCode": 128,
  "gitErrorCode": "NotAGitRepository",
  "gitCommand": "rev-parse",
  "stdout": "",
  "stderr": "fatal: not a git repository (or any of the parent directories): .git\n"
}
Opening repository for path='/home/graham/.config/nautilus' failed; ex=Failed to execute git {
  "exitCode": 128,
  "gitErrorCode": "NotAGitRepository",
  "gitCommand": "rev-parse",
  "stdout": "",
  "stderr": "fatal: not a git repository (or any of the parent directories): .git\n"
}
Opening repository for path='/home/graham/.config/nitrogen' failed; ex=Failed to execute git {
  "exitCode": 128,
  "gitErrorCode": "NotAGitRepository",
  "gitCommand": "rev-parse",
  "stdout": "",
  "stderr": "fatal: not a git repository (or any of the parent directories): .git\n"
}
Opening repository for path='/home/graham/.config/picom' failed; ex=Failed to execute git {
  "exitCode": 128,
  "gitErrorCode": "NotAGitRepository",
  "gitCommand": "rev-parse",
  "stdout": "",
  "stderr": "fatal: not a git repository (or any of the parent directories): .git\n"
}
Opening repository for path='/home/graham/.config/polybar' failed; ex=Failed to execute git {
  "exitCode": 128,
  "gitErrorCode": "NotAGitRepository",
  "gitCommand": "rev-parse",
  "stdout": "",
  "stderr": "fatal: not a git repository (or any of the parent directories): .git\n"
}
Opening repository for path='/home/graham/.config/starship.toml' failed; ex=Error: spawn ENOTDIR
Opening repository for path='/home/graham/.config/sxhkd' failed; ex=Failed to execute git {
  "exitCode": 128,
  "gitErrorCode": "NotAGitRepository",
  "gitCommand": "rev-parse",
  "stdout": "",
  "stderr": "fatal: not a git repository (or any of the parent directories): .git\n"
}
Opening repository for path='/home/graham/.config' failed; ex=Failed to execute git {
  "exitCode": 128,
  "gitErrorCode": "NotAGitRepository",
  "gitCommand": "rev-parse",
  "stdout": "",
  "stderr": "fatal: not a git repository (or any of the parent directories): .git\n"
}
Opening repository for path='/home/graham/.config' failed; ex=Failed to execute git {
  "exitCode": 128,
  "gitErrorCode": "NotAGitRepository",
  "gitCommand": "rev-parse",
  "stdout": "",
  "stderr": "fatal: not a git repository (or any of the parent directories): .git\n"
}
Opening repository for path='/home/graham/.config/sxhkd' failed; ex=Failed to execute git {
  "exitCode": 128,
  "gitErrorCode": "NotAGitRepository",
  "gitCommand": "rev-parse",
  "stdout": "",
  "stderr": "fatal: not a git repository (or any of the parent directories): .git\n"
}
