[2021-10-02 20:39:03.700] [exthost] [info] extension host started
[2021-10-02 20:39:03.825] [exthost] [info] ExtensionService#_doActivateExtension vscode.debug-auto-launch {"startup":true,"extensionId":{"value":"vscode.debug-auto-launch","_lower":"vscode.debug-auto-launch"},"activationEvent":"*"}
[2021-10-02 20:39:03.825] [exthost] [info] ExtensionService#loadCommonJSModule file:///usr/lib/code/extensions/debug-auto-launch/dist/extension
[2021-10-02 20:39:03.831] [exthost] [info] ExtensionService#_doActivateExtension vscode.git {"startup":true,"extensionId":{"value":"vscode.github","_lower":"vscode.github"},"activationEvent":"*"}
[2021-10-02 20:39:03.831] [exthost] [info] ExtensionService#loadCommonJSModule file:///usr/lib/code/extensions/git/dist/main
[2021-10-02 20:39:03.863] [exthost] [info] ExtensionService#_doActivateExtension jaspernorth.vscode-pigments {"startup":true,"extensionId":{"value":"jaspernorth.vscode-pigments","_lower":"jaspernorth.vscode-pigments"},"activationEvent":"*"}
[2021-10-02 20:39:03.863] [exthost] [info] ExtensionService#loadCommonJSModule file:///home/graham/.vscode-oss/extensions/jaspernorth.vscode-pigments-2.0.0/out/extension
[2021-10-02 20:39:03.992] [exthost] [info] ExtensionService#_doActivateExtension vscode.github {"startup":true,"extensionId":{"value":"vscode.github","_lower":"vscode.github"},"activationEvent":"*"}
[2021-10-02 20:39:03.992] [exthost] [info] ExtensionService#loadCommonJSModule file:///usr/lib/code/extensions/github/dist/extension.js
[2021-10-02 20:39:04.006] [exthost] [info] ExtensionService#_doActivateExtension ms-vscode.js-debug {"startup":false,"extensionId":{"value":"ms-vscode.js-debug","_lower":"ms-vscode.js-debug"},"activationEvent":"onCommand:extension.js-debug.clearAutoAttachVariables"}
[2021-10-02 20:39:04.006] [exthost] [info] ExtensionService#loadCommonJSModule file:///usr/lib/code/extensions/ms-vscode.js-debug/src/extension.js
[2021-10-02 20:39:04.209] [exthost] [info] eager extensions activated
[2021-10-02 20:39:04.214] [exthost] [info] extension host terminating: renderer closed the socket
[2021-10-02 20:39:04.219] [exthost] [error] ProxyResolver#resolveProxy Canceled: Canceled
	at Object.n [as canceled] (/usr/lib/code/out/vs/workbench/services/extensions/node/extensionHostProcess.js:5:1157)
	at /usr/lib/code/out/vs/workbench/services/extensions/node/extensionHostProcess.js:98:8805
	at Array.forEach (<anonymous>)
	at i.dispose (/usr/lib/code/out/vs/workbench/services/extensions/node/extensionHostProcess.js:98:8753)
	at E.terminate (/usr/lib/code/out/vs/workbench/services/extensions/node/extensionHostProcess.js:103:682)
	at a (/usr/lib/code/out/vs/workbench/services/extensions/node/extensionHostProcess.js:113:32208)
	at Socket.<anonymous> (/usr/lib/code/out/vs/workbench/services/extensions/node/extensionHostProcess.js:113:29858)
	at Socket.emit (events.js:327:22)
	at Pipe.<anonymous> (net.js:673:12) 
[2021-10-02 20:39:04.248] [exthost] [error] Activating extension vscode.emmet failed due to an error:
[2021-10-02 20:39:04.248] [exthost] [error] Canceled: Canceled
	at Object.n [as canceled] (/usr/lib/code/out/vs/workbench/services/extensions/node/extensionHostProcess.js:5:1157)
	at /usr/lib/code/out/vs/workbench/services/extensions/node/extensionHostProcess.js:98:8805
	at Array.forEach (<anonymous>)
	at i.dispose (/usr/lib/code/out/vs/workbench/services/extensions/node/extensionHostProcess.js:98:8753)
	at E.terminate (/usr/lib/code/out/vs/workbench/services/extensions/node/extensionHostProcess.js:103:682)
	at a (/usr/lib/code/out/vs/workbench/services/extensions/node/extensionHostProcess.js:113:32208)
	at Socket.<anonymous> (/usr/lib/code/out/vs/workbench/services/extensions/node/extensionHostProcess.js:113:29858)
	at Socket.emit (events.js:327:22)
	at Pipe.<anonymous> (net.js:673:12)
[2021-10-02 20:39:04.248] [exthost] [error] Activating extension vscode.merge-conflict failed due to an error:
[2021-10-02 20:39:04.248] [exthost] [error] Canceled: Canceled
	at Object.n [as canceled] (/usr/lib/code/out/vs/workbench/services/extensions/node/extensionHostProcess.js:5:1157)
	at /usr/lib/code/out/vs/workbench/services/extensions/node/extensionHostProcess.js:98:8805
	at Array.forEach (<anonymous>)
	at i.dispose (/usr/lib/code/out/vs/workbench/services/extensions/node/extensionHostProcess.js:98:8753)
	at E.terminate (/usr/lib/code/out/vs/workbench/services/extensions/node/extensionHostProcess.js:103:682)
	at a (/usr/lib/code/out/vs/workbench/services/extensions/node/extensionHostProcess.js:113:32208)
	at Socket.<anonymous> (/usr/lib/code/out/vs/workbench/services/extensions/node/extensionHostProcess.js:113:29858)
	at Socket.emit (events.js:327:22)
	at Pipe.<anonymous> (net.js:673:12)
[2021-10-02 20:39:04.249] [exthost] [error] Activating extension ms-vscode.js-debug failed due to an error:
[2021-10-02 20:39:04.249] [exthost] [error] Canceled: Canceled
	at Object.n [as canceled] (/usr/lib/code/out/vs/workbench/services/extensions/node/extensionHostProcess.js:5:1157)
	at /usr/lib/code/out/vs/workbench/services/extensions/node/extensionHostProcess.js:98:8805
	at Array.forEach (<anonymous>)
	at i.dispose (/usr/lib/code/out/vs/workbench/services/extensions/node/extensionHostProcess.js:98:8753)
	at E.terminate (/usr/lib/code/out/vs/workbench/services/extensions/node/extensionHostProcess.js:103:682)
	at a (/usr/lib/code/out/vs/workbench/services/extensions/node/extensionHostProcess.js:113:32208)
	at Socket.<anonymous> (/usr/lib/code/out/vs/workbench/services/extensions/node/extensionHostProcess.js:113:29858)
	at Socket.emit (events.js:327:22)
	at Pipe.<anonymous> (net.js:673:12)
[2021-10-02 20:39:05.219] [exthost] [info] exiting with code 0
